
Showing logs for build [32mcb-kubecd-environment-pr-1390-2-ngtz4-1[0m stage [32mfrom-build-pack[0m and container [32mstep-credential-initializer-2z7hr[0m
{"level":"warn","ts":1586279633.775873,"logger":"fallback-logger","caller":"logging/config.go:69","msg":"Fetch GitHub commit ID from kodata failed: \"ref: refs/heads/0.8.0-**-support-backwards-incompats\" is not a valid GitHub commit ID"}
{"level":"info","ts":1586279633.7764761,"logger":"fallback-logger","caller":"creds-init/main.go:40","msg":"Credentials initialized."}

Showing logs for build [32mcb-kubecd-environment-pr-1390-2-ngtz4-1[0m stage [32mfrom-build-pack[0m and container [32mstep-working-dir-initializer-qr7cf[0m
{"level":"warn","ts":1586279634.8255777,"logger":"fallback-logger","caller":"logging/config.go:69","msg":"Fetch GitHub commit ID from kodata failed: open /var/run/ko/HEAD: no such file or directory"}
{"level":"info","ts":1586279634.82747,"logger":"fallback-logger","caller":"bash/main.go:64","msg":"Successfully executed command \"sh -c mkdir -p /workspace/source\"; output "}

Showing logs for build [32mcb-kubecd-environment-pr-1390-2-ngtz4-1[0m stage [32mfrom-build-pack[0m and container [32mstep-place-tools[0m

Showing logs for build [32mcb-kubecd-environment-pr-1390-2-ngtz4-1[0m stage [32mfrom-build-pack[0m and container [32mstep-git-source-cb-kubecd-environment-pr-1390-2-ngtz4-8krjx[0m
{"level":"warn","ts":1586279660.9827054,"logger":"fallback-logger","caller":"logging/config.go:69","msg":"Fetch GitHub commit ID from kodata failed: \"ref: refs/heads/0.8.0-**-support-backwards-incompats\" is not a valid GitHub commit ID"}
{"level":"info","ts":1586279662.1916506,"logger":"fallback-logger","caller":"git/git.go:103","msg":"Successfully cloned https://github.com/cb-kubecd/environment-pr-1390-2-bdd-frontend-staging.git @ master in path /workspace/source"}

Showing logs for build [32mcb-kubecd-environment-pr-1390-2-ngtz4-1[0m stage [32mfrom-build-pack[0m and container [32mstep-git-merge[0m
Using SHAs from PULL_REFS=master:5f8110b248c3e1bd7edc49e7d55655d5d4b50fe1,1:6448f0626d3a24c57d57b4829d6a3503b16351f6
DEBUG: LC_ALL=C JX_LOG_LEVEL=error git fetch origin --unshallow 6448f0626d3a24c57d57b4829d6a3503b16351f6: 5f8110b248c3e1bd7edc49e7d55655d5d4b50fe1:
DEBUG: ran git fetch --unshallow origin 6448f0626d3a24c57d57b4829d6a3503b16351f6: 5f8110b248c3e1bd7edc49e7d55655d5d4b50fe1: in 
DEBUG: JX_LOG_LEVEL=error LC_ALL=C git branch
DEBUG: JX_LOG_LEVEL=error LC_ALL=C git checkout master
DEBUG: ran git checkout master in 
DEBUG: LC_ALL=C JX_LOG_LEVEL=error git reset --hard 5f8110b248c3e1bd7edc49e7d55655d5d4b50fe1
DEBUG: ran git reset --hard 5f8110b248c3e1bd7edc49e7d55655d5d4b50fe1 in 
DEBUG: JX_LOG_LEVEL=error LC_ALL=C git clean -fd .
DEBUG: ran clean --force -d . in 
DEBUG: LC_ALL=C JX_LOG_LEVEL=error git merge 6448f0626d3a24c57d57b4829d6a3503b16351f6
DEBUG: ran git merge 6448f0626d3a24c57d57b4829d6a3503b16351f6 in 
DEBUG: JX_LOG_LEVEL=error LC_ALL=C git log --format=%H%x1f%an%x1f%ae%x1f%cn%x1f%ce%x1f%s%n%b%x1e 5f8110b248c3e1bd7edc49e7d55655d5d4b50fe1..HEAD
Merged SHA 6448f0626d3a24c57d57b4829d6a3503b16351f6 with commit message 'chore: Promote bdd-nh-1586278650 to version 0.0.1' into base branch master

Showing logs for build [32mcb-kubecd-environment-pr-1390-2-ngtz4-1[0m stage [32mfrom-build-pack[0m and container [32mstep-build-helm-build[0m
WARNING: No $CHART_REPOSITORY defined so using the default value of: http://jenkins-x-chartmuseum:8080
Adding missing Helm repo: storage.googleapis.com https://storage.googleapis.com/chartmuseum.jenkins-x.io
WARNING: No secrets found on "helm/repos" due: reading the secret "helm/repos" from vault: no secret "helm/repos" not found in vault
Read credentials for https://storage.googleapis.com/chartmuseum.jenkins-x.io from vault helm/repos
Successfully added Helm repository storage.googleapis.com.
Adding missing Helm repo: jenkins-x-chartmuseum http://jenkins-x-chartmuseum:8080
WARNING: No secrets found on "helm/repos" due: reading the secret "helm/repos" from vault: no secret "helm/repos" not found in vault
Read credentials for http://jenkins-x-chartmuseum:8080 from vault helm/repos
Successfully added Helm repository jenkins-x-chartmuseum.
WARNING: No $CHART_REPOSITORY defined so using the default value of: http://jenkins-x-chartmuseum:8080
Adding missing Helm repo: chartmuseum.jenkins-x.io http://chartmuseum.jenkins-x.io
WARNING: No secrets found on "helm/repos" due: reading the secret "helm/repos" from vault: no secret "helm/repos" not found in vault
Read credentials for http://chartmuseum.jenkins-x.io from vault helm/repos
Successfully added Helm repository chartmuseum.jenkins-x.io.
